Determining if the pthread_create exist failed with the following output:
Change Dir: /media/khomin/D/PROJECTs/Linux/Gateway_extender/build/CMakeFiles/CMakeTmp

Run Build Command:"/usr/bin/make" "cmTC_b65db/fast"
/usr/bin/make -f CMakeFiles/cmTC_b65db.dir/build.make CMakeFiles/cmTC_b65db.dir/build
make[1]: Entering directory '/media/khomin/D/PROJECTs/Linux/Gateway_extender/build/CMakeFiles/CMakeTmp'
Building C object CMakeFiles/cmTC_b65db.dir/CheckSymbolExists.c.o
/usr/bin/gcc-7    -o CMakeFiles/cmTC_b65db.dir/CheckSymbolExists.c.o   -c /media/khomin/D/PROJECTs/Linux/Gateway_extender/build/CMakeFiles/CMakeTmp/CheckSymbolExists.c
Linking C executable cmTC_b65db
/usr/local/bin/cmake -E cmake_link_script CMakeFiles/cmTC_b65db.dir/link.txt --verbose=1
/usr/bin/gcc-7      -rdynamic CMakeFiles/cmTC_b65db.dir/CheckSymbolExists.c.o  -o cmTC_b65db 
CMakeFiles/cmTC_b65db.dir/CheckSymbolExists.c.o: In function `main':
CheckSymbolExists.c:(.text+0x1b): undefined reference to `pthread_create'
collect2: error: ld returned 1 exit status
CMakeFiles/cmTC_b65db.dir/build.make:86: recipe for target 'cmTC_b65db' failed
make[1]: *** [cmTC_b65db] Error 1
make[1]: Leaving directory '/media/khomin/D/PROJECTs/Linux/Gateway_extender/build/CMakeFiles/CMakeTmp'
Makefile:121: recipe for target 'cmTC_b65db/fast' failed
make: *** [cmTC_b65db/fast] Error 2

File /media/khomin/D/PROJECTs/Linux/Gateway_extender/build/CMakeFiles/CMakeTmp/CheckSymbolExists.c:
/* */
#include <pthread.h>

int main(int argc, char** argv)
{
  (void)argv;
#ifndef pthread_create
  return ((int*)(&pthread_create))[argc];
#else
  (void)argc;
  return 0;
#endif
}

Determining if the function pthread_create exists in the pthreads failed with the following output:
Change Dir: /media/khomin/D/PROJECTs/Linux/Gateway_extender/build/CMakeFiles/CMakeTmp

Run Build Command:"/usr/bin/make" "cmTC_dbb6b/fast"
/usr/bin/make -f CMakeFiles/cmTC_dbb6b.dir/build.make CMakeFiles/cmTC_dbb6b.dir/build
make[1]: Entering directory '/media/khomin/D/PROJECTs/Linux/Gateway_extender/build/CMakeFiles/CMakeTmp'
Building C object CMakeFiles/cmTC_dbb6b.dir/CheckFunctionExists.c.o
/usr/bin/gcc-7   -DCHECK_FUNCTION_EXISTS=pthread_create   -o CMakeFiles/cmTC_dbb6b.dir/CheckFunctionExists.c.o   -c /usr/local/share/cmake-3.13/Modules/CheckFunctionExists.c
Linking C executable cmTC_dbb6b
/usr/local/bin/cmake -E cmake_link_script CMakeFiles/cmTC_dbb6b.dir/link.txt --verbose=1
/usr/bin/gcc-7  -DCHECK_FUNCTION_EXISTS=pthread_create    -rdynamic CMakeFiles/cmTC_dbb6b.dir/CheckFunctionExists.c.o  -o cmTC_dbb6b -lpthreads 
/usr/bin/ld: cannot find -lpthreads
collect2: error: ld returned 1 exit status
CMakeFiles/cmTC_dbb6b.dir/build.make:86: recipe for target 'cmTC_dbb6b' failed
make[1]: *** [cmTC_dbb6b] Error 1
make[1]: Leaving directory '/media/khomin/D/PROJECTs/Linux/Gateway_extender/build/CMakeFiles/CMakeTmp'
Makefile:121: recipe for target 'cmTC_dbb6b/fast' failed
make: *** [cmTC_dbb6b/fast] Error 2


